This is pdfTeX, Version 3.141592653-2.6-1.40.22 (TeX Live 2021) (preloaded format=pdflatex 2021.10.27)  11 NOV 2021 15:04
entering extended mode
 restricted \write18 enabled.
 file:line:error style messages enabled.
 %&-line parsing enabled.
**update-10-22.tex
(./update-10-22.tex
LaTeX2e <2020-10-01> patch level 4
L3 programming layer <2021-02-18>
(/usr/local/texlive/2021basic/texmf-dist/tex/latex/base/article.cls
Document Class: article 2020/04/10 v1.4m Standard LaTeX document class
(/usr/local/texlive/2021basic/texmf-dist/tex/latex/base/size11.clo
File: size11.clo 2020/04/10 v1.4m Standard LaTeX file (size option)
)
\c@part=\count179
\c@section=\count180
\c@subsection=\count181
\c@subsubsection=\count182
\c@paragraph=\count183
\c@subparagraph=\count184
\c@figure=\count185
\c@table=\count186
\abovecaptionskip=\skip47
\belowcaptionskip=\skip48
\bibindent=\dimen138
)
(/usr/local/texlive/2021basic/texmf-dist/tex/latex/base/inputenc.sty
Package: inputenc 2020/08/01 v1.3d Input encoding file
\inpenc@prehook=\toks15
\inpenc@posthook=\toks16
)
(/usr/local/texlive/2021basic/texmf-dist/tex/latex/base/fontenc.sty
Package: fontenc 2020/08/10 v2.0s Standard LaTeX package
)
(/usr/local/texlive/2021basic/texmf-dist/tex/latex/amsmath/amsmath.sty
Package: amsmath 2020/09/23 v2.17i AMS math features
\@mathmargin=\skip49

For additional information on amsmath, use the `?' option.
(/usr/local/texlive/2021basic/texmf-dist/tex/latex/amsmath/amstext.sty
Package: amstext 2000/06/29 v2.01 AMS text

(/usr/local/texlive/2021basic/texmf-dist/tex/latex/amsmath/amsgen.sty
File: amsgen.sty 1999/11/30 v2.0 generic functions
\@emptytoks=\toks17
\ex@=\dimen139
))
(/usr/local/texlive/2021basic/texmf-dist/tex/latex/amsmath/amsbsy.sty
Package: amsbsy 1999/11/29 v1.2d Bold Symbols
\pmbraise@=\dimen140
)
(/usr/local/texlive/2021basic/texmf-dist/tex/latex/amsmath/amsopn.sty
Package: amsopn 2016/03/08 v2.02 operator names
)
\inf@bad=\count187
LaTeX Info: Redefining \frac on input line 234.
\uproot@=\count188
\leftroot@=\count189
LaTeX Info: Redefining \overline on input line 399.
\classnum@=\count190
\DOTSCASE@=\count191
LaTeX Info: Redefining \ldots on input line 496.
LaTeX Info: Redefining \dots on input line 499.
LaTeX Info: Redefining \cdots on input line 620.
\Mathstrutbox@=\box47
\strutbox@=\box48
\big@size=\dimen141
LaTeX Font Info:    Redeclaring font encoding OML on input line 743.
LaTeX Font Info:    Redeclaring font encoding OMS on input line 744.
\macc@depth=\count192
\c@MaxMatrixCols=\count193
\dotsspace@=\muskip16
\c@parentequation=\count194
\dspbrk@lvl=\count195
\tag@help=\toks18
\row@=\count196
\column@=\count197
\maxfields@=\count198
\andhelp@=\toks19
\eqnshift@=\dimen142
\alignsep@=\dimen143
\tagshift@=\dimen144
\tagwidth@=\dimen145
\totwidth@=\dimen146
\lineht@=\dimen147
\@envbody=\toks20
\multlinegap=\skip50
\multlinetaggap=\skip51
\mathdisplay@stack=\toks21
LaTeX Info: Redefining \[ on input line 2923.
LaTeX Info: Redefining \] on input line 2924.
)
(/usr/local/texlive/2021basic/texmf-dist/tex/latex/amsfonts/amsfonts.sty
Package: amsfonts 2013/01/14 v3.01 Basic AMSFonts support
\symAMSa=\mathgroup4
\symAMSb=\mathgroup5
LaTeX Font Info:    Redeclaring math symbol \hbar on input line 98.
LaTeX Font Info:    Overwriting math alphabet `\mathfrak' in version `bold'
(Font)                  U/euf/m/n --> U/euf/b/n on input line 106.
)
(/usr/local/texlive/2021basic/texmf-dist/tex/latex/amsfonts/amssymb.sty
Package: amssymb 2013/01/14 v3.01 AMS font symbols
)
(/usr/local/texlive/2021basic/texmf-dist/tex/latex/mdwtools/footnote.sty
Package: footnote 1997/01/28 1.13 Save footnotes around boxes
\fn@notes=\box49
\fn@width=\dimen148
)
(/usr/local/texlive/2021basic/texmf-dist/tex/latex/url/url.sty
\Urlmuskip=\muskip17
Package: url 2013/09/16  ver 3.4  Verb mode for urls, etc.
)
(/usr/local/texlive/2021basic/texmf-dist/tex/latex/hyperref/hyperref.sty
Package: hyperref 2021-02-27 v7.00k Hypertext links for LaTeX

(/usr/local/texlive/2021basic/texmf-dist/tex/generic/ltxcmds/ltxcmds.sty
Package: ltxcmds 2020-05-10 v1.25 LaTeX kernel commands for general use (HO)
)
(/usr/local/texlive/2021basic/texmf-dist/tex/generic/iftex/iftex.sty
Package: iftex 2020/03/06 v1.0d TeX engine tests
)
(/usr/local/texlive/2021basic/texmf-dist/tex/generic/pdftexcmds/pdftexcmds.sty
Package: pdftexcmds 2020-06-27 v0.33 Utility functions of pdfTeX for LuaTeX (HO
)

(/usr/local/texlive/2021basic/texmf-dist/tex/generic/infwarerr/infwarerr.sty
Package: infwarerr 2019/12/03 v1.5 Providing info/warning/error messages (HO)
)
Package pdftexcmds Info: \pdf@primitive is available.
Package pdftexcmds Info: \pdf@ifprimitive is available.
Package pdftexcmds Info: \pdfdraftmode found.
)
(/usr/local/texlive/2021basic/texmf-dist/tex/latex/graphics/keyval.sty
Package: keyval 2014/10/28 v1.15 key=value parser (DPC)
\KV@toks@=\toks22
)
(/usr/local/texlive/2021basic/texmf-dist/tex/generic/kvsetkeys/kvsetkeys.sty
Package: kvsetkeys 2019/12/15 v1.18 Key value parser (HO)
)
(/usr/local/texlive/2021basic/texmf-dist/tex/generic/kvdefinekeys/kvdefinekeys.
sty
Package: kvdefinekeys 2019-12-19 v1.6 Define keys (HO)
)
(/usr/local/texlive/2021basic/texmf-dist/tex/generic/pdfescape/pdfescape.sty
Package: pdfescape 2019/12/09 v1.15 Implements pdfTeX's escape features (HO)
)
(/usr/local/texlive/2021basic/texmf-dist/tex/latex/hycolor/hycolor.sty
Package: hycolor 2020-01-27 v1.10 Color options for hyperref/bookmark (HO)
)
(/usr/local/texlive/2021basic/texmf-dist/tex/latex/letltxmacro/letltxmacro.sty
Package: letltxmacro 2019/12/03 v1.6 Let assignment for LaTeX macros (HO)
) (/usr/local/texlive/2021basic/texmf-dist/tex/latex/auxhook/auxhook.sty
Package: auxhook 2019-12-17 v1.6 Hooks for auxiliary files (HO)
)
(/usr/local/texlive/2021basic/texmf-dist/tex/latex/kvoptions/kvoptions.sty
Package: kvoptions 2020-10-07 v3.14 Key value format for package options (HO)
)
\@linkdim=\dimen149
\Hy@linkcounter=\count199
\Hy@pagecounter=\count266

(/usr/local/texlive/2021basic/texmf-dist/tex/latex/hyperref/pd1enc.def
File: pd1enc.def 2021-02-27 v7.00k Hyperref: PDFDocEncoding definition (HO)
Now handling font encoding PD1 ...
... no UTF-8 mapping file for font encoding PD1
)
(/usr/local/texlive/2021basic/texmf-dist/tex/latex/hyperref/hyperref-langpatche
s.def
File: hyperref-langpatches.def 2021-02-27 v7.00k Hyperref: patches for babel la
nguages
) (/usr/local/texlive/2021basic/texmf-dist/tex/generic/intcalc/intcalc.sty
Package: intcalc 2019/12/15 v1.3 Expandable calculations with integers (HO)
) (/usr/local/texlive/2021basic/texmf-dist/tex/generic/etexcmds/etexcmds.sty
Package: etexcmds 2019/12/15 v1.7 Avoid name clashes with e-TeX commands (HO)
)
\Hy@SavedSpaceFactor=\count267

(/usr/local/texlive/2021basic/texmf-dist/tex/latex/hyperref/puenc.def
File: puenc.def 2021-02-27 v7.00k Hyperref: PDF Unicode definition (HO)
Now handling font encoding PU ...
... no UTF-8 mapping file for font encoding PU
)
Package hyperref Info: Hyper figures OFF on input line 4192.
Package hyperref Info: Link nesting OFF on input line 4197.
Package hyperref Info: Hyper index ON on input line 4200.
Package hyperref Info: Plain pages OFF on input line 4207.
Package hyperref Info: Backreferencing OFF on input line 4212.
Package hyperref Info: Implicit mode ON; LaTeX internals redefined.
Package hyperref Info: Bookmarks ON on input line 4445.
\c@Hy@tempcnt=\count268
LaTeX Info: Redefining \url on input line 4804.
\XeTeXLinkMargin=\dimen150

(/usr/local/texlive/2021basic/texmf-dist/tex/generic/bitset/bitset.sty
Package: bitset 2019/12/09 v1.3 Handle bit-vector datatype (HO)

(/usr/local/texlive/2021basic/texmf-dist/tex/generic/bigintcalc/bigintcalc.sty
Package: bigintcalc 2019/12/15 v1.5 Expandable calculations on big integers (HO
)
))
\Fld@menulength=\count269
\Field@Width=\dimen151
\Fld@charsize=\dimen152
Package hyperref Info: Hyper figures OFF on input line 6075.
Package hyperref Info: Link nesting OFF on input line 6080.
Package hyperref Info: Hyper index ON on input line 6083.
Package hyperref Info: backreferencing OFF on input line 6090.
Package hyperref Info: Link coloring OFF on input line 6095.
Package hyperref Info: Link coloring with OCG OFF on input line 6100.
Package hyperref Info: PDF/A mode OFF on input line 6105.
LaTeX Info: Redefining \ref on input line 6145.
LaTeX Info: Redefining \pageref on input line 6149.
 (/usr/local/texlive/2021basic/texmf-dist/tex/latex/base/atbegshi-ltx.sty
Package: atbegshi-ltx 2020/08/17 v1.0a Emulation of the original atbegshi packa
ge
with kernel methods
)
\Hy@abspage=\count270
\c@Item=\count271
\c@Hfootnote=\count272
)
Package hyperref Info: Driver (autodetected): hpdftex.

(/usr/local/texlive/2021basic/texmf-dist/tex/latex/hyperref/hpdftex.def
File: hpdftex.def 2021-02-27 v7.00k Hyperref driver for pdfTeX

(/usr/local/texlive/2021basic/texmf-dist/tex/latex/base/atveryend-ltx.sty
Package: atveryend-ltx 2020/08/19 v1.0a Emulation of the original atvery packag
e
with kernel methods
)
\Fld@listcount=\count273
\c@bookmark@seq@number=\count274

(/usr/local/texlive/2021basic/texmf-dist/tex/latex/rerunfilecheck/rerunfilechec
k.sty
Package: rerunfilecheck 2019/12/05 v1.9 Rerun checks for auxiliary files (HO)

(/usr/local/texlive/2021basic/texmf-dist/tex/generic/uniquecounter/uniquecounte
r.sty
Package: uniquecounter 2019/12/15 v1.4 Provide unlimited unique counter (HO)
)
Package uniquecounter Info: New unique counter `rerunfilecheck' on input line 2
86.
)
\Hy@SectionHShift=\skip52
)
(/usr/local/texlive/2021basic/texmf-dist/tex/latex/caption/subcaption.sty
Package: subcaption 2020/10/07 v1.3j Sub-captions (AR)

(/usr/local/texlive/2021basic/texmf-dist/tex/latex/caption/caption.sty
Package: caption 2020/10/26 v3.5g Customizing captions (AR)

(/usr/local/texlive/2021basic/texmf-dist/tex/latex/caption/caption3.sty
Package: caption3 2020/10/21 v2.2e caption3 kernel (AR)
\captionmargin=\dimen153
\captionmargin@=\dimen154
\captionwidth=\dimen155
\caption@tempdima=\dimen156
\caption@indent=\dimen157
\caption@parindent=\dimen158
\caption@hangindent=\dimen159
Package caption Info: Standard document class detected.
)
\c@caption@flags=\count275
\c@continuedfloat=\count276
Package caption Info: hyperref package is loaded.
)
\c@subfigure=\count277
\c@subtable=\count278
)
(/usr/local/texlive/2021basic/texmf-dist/tex/latex/graphics/graphicx.sty
Package: graphicx 2020/09/09 v1.2b Enhanced LaTeX Graphics (DPC,SPQR)

(/usr/local/texlive/2021basic/texmf-dist/tex/latex/graphics/graphics.sty
Package: graphics 2020/08/30 v1.4c Standard LaTeX Graphics (DPC,SPQR)

(/usr/local/texlive/2021basic/texmf-dist/tex/latex/graphics/trig.sty
Package: trig 2016/01/03 v1.10 sin cos tan (DPC)
)
(/usr/local/texlive/2021basic/texmf-dist/tex/latex/graphics-cfg/graphics.cfg
File: graphics.cfg 2016/06/04 v1.11 sample graphics configuration
)
Package graphics Info: Driver file: pdftex.def on input line 105.

(/usr/local/texlive/2021basic/texmf-dist/tex/latex/graphics-def/pdftex.def
File: pdftex.def 2020/10/05 v1.2a Graphics/color driver for pdftex
))
\Gin@req@height=\dimen160
\Gin@req@width=\dimen161
)
(/usr/local/texlive/2021basic/texmf-dist/tex/latex/etoolbox/etoolbox.sty
Package: etoolbox 2020/10/05 v2.5k e-TeX tools for LaTeX (JAW)
\etb@tempcnta=\count279
)
(/usr/local/texlive/2021basic/texmf-dist/tex/latex/geometry/geometry.sty
Package: geometry 2020/01/02 v5.9 Page Geometry

(/usr/local/texlive/2021basic/texmf-dist/tex/generic/iftex/ifvtex.sty
Package: ifvtex 2019/10/25 v1.7 ifvtex legacy package. Use iftex instead.
)
\Gm@cnth=\count280
\Gm@cntv=\count281
\c@Gm@tempcnt=\count282
\Gm@bindingoffset=\dimen162
\Gm@wd@mp=\dimen163
\Gm@odd@mp=\dimen164
\Gm@even@mp=\dimen165
\Gm@layoutwidth=\dimen166
\Gm@layoutheight=\dimen167
\Gm@layouthoffset=\dimen168
\Gm@layoutvoffset=\dimen169
\Gm@dimlist=\toks23
)
(/usr/local/texlive/2021basic/texmf-dist/tex/latex/l3backend/l3backend-pdftex.d
ef
File: l3backend-pdftex.def 2021-03-18 L3 backend support: PDF output (pdfTeX)
\l__color_backend_stack_int=\count283
\l__pdf_internal_box=\box50
) (./update-10-22.aux)
\openout1 = `update-10-22.aux'.

LaTeX Font Info:    Checking defaults for OML/cmm/m/it on input line 50.
LaTeX Font Info:    ... okay on input line 50.
LaTeX Font Info:    Checking defaults for OMS/cmsy/m/n on input line 50.
LaTeX Font Info:    ... okay on input line 50.
LaTeX Font Info:    Checking defaults for OT1/cmr/m/n on input line 50.
LaTeX Font Info:    ... okay on input line 50.
LaTeX Font Info:    Checking defaults for T1/cmr/m/n on input line 50.
LaTeX Font Info:    ... okay on input line 50.
LaTeX Font Info:    Checking defaults for TS1/cmr/m/n on input line 50.
LaTeX Font Info:    ... okay on input line 50.
LaTeX Font Info:    Checking defaults for OMX/cmex/m/n on input line 50.
LaTeX Font Info:    ... okay on input line 50.
LaTeX Font Info:    Checking defaults for U/cmr/m/n on input line 50.
LaTeX Font Info:    ... okay on input line 50.
LaTeX Font Info:    Checking defaults for PD1/pdf/m/n on input line 50.
LaTeX Font Info:    ... okay on input line 50.
LaTeX Font Info:    Checking defaults for PU/pdf/m/n on input line 50.
LaTeX Font Info:    ... okay on input line 50.
Package hyperref Info: Link coloring OFF on input line 50.

(/usr/local/texlive/2021basic/texmf-dist/tex/latex/hyperref/nameref.sty
Package: nameref 2021-04-02 v2.47 Cross-referencing by name of section

(/usr/local/texlive/2021basic/texmf-dist/tex/latex/refcount/refcount.sty
Package: refcount 2019/12/15 v3.6 Data extraction from label references (HO)
)
(/usr/local/texlive/2021basic/texmf-dist/tex/generic/gettitlestring/gettitlestr
ing.sty
Package: gettitlestring 2019/12/15 v1.6 Cleanup title references (HO)
)
\c@section@level=\count284
)
LaTeX Info: Redefining \ref on input line 50.
LaTeX Info: Redefining \pageref on input line 50.
LaTeX Info: Redefining \nameref on input line 50.
 (./update-10-22.out) (./update-10-22.out)
\@outlinefile=\write3
\openout3 = `update-10-22.out'.

Package caption Info: Begin \AtBeginDocument code.
Package caption Info: End \AtBeginDocument code.

(/usr/local/texlive/2021basic/texmf-dist/tex/context/base/mkii/supp-pdf.mkii
[Loading MPS to PDF converter (version 2006.09.02).]
\scratchcounter=\count285
\scratchdimen=\dimen170
\scratchbox=\box51
\nofMPsegments=\count286
\nofMParguments=\count287
\everyMPshowfont=\toks24
\MPscratchCnt=\count288
\MPscratchDim=\dimen171
\MPnumerator=\count289
\makeMPintoPDFobject=\count290
\everyMPtoPDFconversion=\toks25
)
(/usr/local/texlive/2021basic/texmf-dist/tex/latex/epstopdf-pkg/epstopdf-base.s
ty
Package: epstopdf-base 2020-01-24 v2.11 Base part for package epstopdf
Package epstopdf-base Info: Redefining graphics rule for `.eps' on input line 4
85.

(/usr/local/texlive/2021basic/texmf-dist/tex/latex/latexconfig/epstopdf-sys.cfg
File: epstopdf-sys.cfg 2010/07/13 v1.3 Configuration of (r)epstopdf for TeX Liv
e
))
*geometry* driver: auto-detecting
*geometry* detected driver: pdftex
*geometry* verbose mode - [ preamble ] result:
* driver: pdftex
* paper: letterpaper
* layout: <same size as paper>
* layoutoffset:(h,v)=(0.0pt,0.0pt)
* modes: 
* h-part:(L,W,R)=(72.27pt, 469.75499pt, 72.27pt)
* v-part:(T,H,B)=(43.362pt, 686.56499pt, 65.043pt)
* \paperwidth=614.295pt
* \paperheight=794.96999pt
* \textwidth=469.75499pt
* \textheight=686.56499pt
* \oddsidemargin=0.00002pt
* \evensidemargin=0.00002pt
* \topmargin=-65.90799pt
* \headheight=12.0pt
* \headsep=25.0pt
* \topskip=11.0pt
* \footskip=30.0pt
* \marginparwidth=59.0pt
* \marginparsep=10.0pt
* \columnsep=10.0pt
* \skip\footins=10.0pt plus 4.0pt minus 2.0pt
* \hoffset=0.0pt
* \voffset=0.0pt
* \mag=1000
* \@twocolumnfalse
* \@twosidefalse
* \@mparswitchfalse
* \@reversemarginfalse
* (1in=72.27pt=25.4mm, 1cm=28.453pt)

LaTeX Font Info:    Trying to load font information for U+msa on input line 53.

(/usr/local/texlive/2021basic/texmf-dist/tex/latex/amsfonts/umsa.fd
File: umsa.fd 2013/01/14 v3.01 AMS symbols A
)
LaTeX Font Info:    Trying to load font information for U+msb on input line 53.


(/usr/local/texlive/2021basic/texmf-dist/tex/latex/amsfonts/umsb.fd
File: umsb.fd 2013/01/14 v3.01 AMS symbols B
)
LaTeX Font Info:    Trying to load font information for T1+cmtt on input line 5
3.

(/usr/local/texlive/2021basic/texmf-dist/tex/latex/base/t1cmtt.fd
File: t1cmtt.fd 2019/12/16 v2.5j Standard LaTeX font definitions
)
<chicago-data2.pdf, id=12, 867.24pt x 578.16pt>
File: chicago-data2.pdf Graphic file (type pdf)
<use chicago-data2.pdf>
Package pdftex.def Info: chicago-data2.pdf  used on input line 56.
(pdftex.def)             Requested size: 512.14357pt x 341.43306pt.

Overfull \hbox (42.38858pt too wide) in paragraph at lines 56--61
 [][] 
 []


LaTeX Warning: Reference `eq:s_t' on page 1 undefined on input line 66.


LaTeX Warning: Reference `eq:d_t' on page 1 undefined on input line 66.

[1

{/usr/local/texlive/2021basic/texmf-var/fonts/map/pdftex/updmap/pdftex.map} <./
chicago-data2.pdf>]
<full-model.pdf, id=103, 531.9875pt x 299.1175pt>
File: full-model.pdf Graphic file (type pdf)
<use full-model.pdf>
Package pdftex.def Info: full-model.pdf  used on input line 91.
(pdftex.def)             Requested size: 303.62567pt x 170.71652pt.
LaTeX Font Info:    Trying to load font information for U+euf on input line 105
.

(/usr/local/texlive/2021basic/texmf-dist/tex/latex/amsfonts/ueuf.fd
File: ueuf.fd 2013/01/14 v3.01 Euler Fraktur
) [2 <./full-model.pdf>]

LaTeX Warning: `h' float specifier changed to `ht'.


LaTeX Warning: `h' float specifier changed to `ht'.

<cases.pdf, id=140, 421.575pt x 316.18124pt>
File: cases.pdf Graphic file (type pdf)
<use cases.pdf>
Package pdftex.def Info: cases.pdf  used on input line 221.
(pdftex.def)             Requested size: 227.6278pt x 170.71652pt.
<deaths.pdf, id=141, 421.575pt x 316.18124pt>
File: deaths.pdf Graphic file (type pdf)
<use deaths.pdf>
Package pdftex.def Info: deaths.pdf  used on input line 227.
(pdftex.def)             Requested size: 227.6278pt x 170.71652pt.

LaTeX Warning: `!h' float specifier changed to `!ht'.


LaTeX Warning: Reference `eq:s_t' on page 3 undefined on input line 237.


LaTeX Warning: Reference `eq:d_t' on page 3 undefined on input line 237.

[3] [4 <./cases.pdf> <./deaths.pdf>]

LaTeX Warning: Reference `eq:s_t' on page 5 undefined on input line 276.


LaTeX Warning: Reference `eq:d_t' on page 5 undefined on input line 276.

[5] (./update-10-22.bbl
Underfull \hbox (badness 4132) in paragraph at lines 4--9
[]\T1/cmr/m/n/10.95 Read the full `re-store Illi-nois' plan aimed at re-open-in
g the state dur-ing coro-n-
 []


Underfull \hbox (badness 1082) in paragraph at lines 4--9
\T1/cmr/m/n/10.95 avirus.  \T1/cmr/m/it/10.95 NBC Chicago\T1/cmr/m/n/10.95 , Ma
y 2020.  []$\T1/cmtt/m/n/10.95 https : / / www . nbcchicago . com / news / coro
navirus /
 []


Overfull \hbox (33.96324pt too wide) in paragraph at lines 4--9
\T1/cmtt/m/n/10.95 read-[]the-[]full-[]restore-[]illinois-[]plan-[]aimed-[]at-[
]reopening-[]the-[]state-[]during-[]coronavirus /
 []


Overfull \hbox (37.12161pt too wide) in paragraph at lines 11--18
\T1/cmtt/m/n/10.95 ct-[]coronavirus-[]chicago-[]lightfoot-[]reopening-[]2020052
8-[]cefwiuidwnfd7a57m25uavq6me-[]story .
 []

[6]) [7] (./update-10-22.aux)

LaTeX Warning: There were undefined references.


LaTeX Warning: Label(s) may have changed. Rerun to get cross-references right.

Package rerunfilecheck Info: File `update-10-22.out' has not changed.
(rerunfilecheck)             Checksum: 594466B15A0C09E2F258D890C1049CC7;207.
 ) 
Here is how much of TeX's memory you used:
 11345 strings out of 480445
 169171 string characters out of 5892390
 481696 words of memory out of 5000000
 28408 multiletter control sequences out of 15000+600000
 426481 words of font info for 93 fonts, out of 8000000 for 9000
 319 hyphenation exceptions out of 8191
 71i,19n,77p,623b,526s stack positions out of 5000i,500n,10000p,200000b,80000s
 </Users/trentgerew/Library/texlive/2021basic/texmf-var/fonts/pk/ljfour/jknap
pen/ec/ecti1095.600pk> </Users/trentgerew/Library/texlive/2021basic/texmf-var/f
onts/pk/ljfour/jknappen/ec/ecrm1000.600pk> </Users/trentgerew/Library/texlive/2
021basic/texmf-var/fonts/pk/ljfour/jknappen/ec/ectt1095.600pk> </Users/trentger
ew/Library/texlive/2021basic/texmf-var/fonts/pk/ljfour/jknappen/ec/ectt0900.600
pk> </Users/trentgerew/Library/texlive/2021basic/texmf-var/fonts/pk/ljfour/jkna
ppen/ec/tcrm0600.600pk> </Users/trentgerew/Library/texlive/2021basic/texmf-var/
fonts/pk/ljfour/jknappen/ec/ecbx1095.600pk> </Users/trentgerew/Library/texlive/
2021basic/texmf-var/fonts/pk/ljfour/jknappen/ec/ecbx1440.600pk> </Users/trentge
rew/Library/texlive/2021basic/texmf-var/fonts/pk/ljfour/jknappen/ec/ecrm1095.60
0pk> </Users/trentgerew/Library/texlive/2021basic/texmf-var/fonts/pk/ljfour/jkn
appen/ec/ecti1000.600pk> </Users/trentgerew/Library/texlive/2021basic/texmf-var
/fonts/pk/ljfour/jknappen/ec/tcrm0800.600pk> </Users/trentgerew/Library/texlive
/2021basic/texmf-var/fonts/pk/ljfour/jknappen/ec/ecrm1200.600pk> </Users/trentg
erew/Library/texlive/2021basic/texmf-var/fonts/pk/ljfour/jknappen/ec/ecrm1728.6
00pk></usr/local/texlive/2021basic/texmf-dist/fonts/type1/public/amsfonts/cm/cm
bx10.pfb></usr/local/texlive/2021basic/texmf-dist/fonts/type1/public/amsfonts/c
m/cmbx8.pfb></usr/local/texlive/2021basic/texmf-dist/fonts/type1/public/amsfont
s/cm/cmex10.pfb></usr/local/texlive/2021basic/texmf-dist/fonts/type1/public/ams
fonts/cm/cmmi10.pfb></usr/local/texlive/2021basic/texmf-dist/fonts/type1/public
/amsfonts/cm/cmmi8.pfb></usr/local/texlive/2021basic/texmf-dist/fonts/type1/pub
lic/amsfonts/cm/cmr10.pfb></usr/local/texlive/2021basic/texmf-dist/fonts/type1/
public/amsfonts/cm/cmr8.pfb></usr/local/texlive/2021basic/texmf-dist/fonts/type
1/public/amsfonts/cm/cmss10.pfb></usr/local/texlive/2021basic/texmf-dist/fonts/
type1/public/amsfonts/cm/cmsy10.pfb></usr/local/texlive/2021basic/texmf-dist/fo
nts/type1/public/amsfonts/cm/cmsy8.pfb></usr/local/texlive/2021basic/texmf-dist
/fonts/type1/public/amsfonts/euler/eufm10.pfb></usr/local/texlive/2021basic/tex
mf-dist/fonts/type1/public/amsfonts/symbols/msam10.pfb>
Output written on update-10-22.pdf (7 pages, 392045 bytes).
PDF statistics:
 573 PDF objects out of 1000 (max. 8388607)
 214 compressed objects within 3 object streams
 42 named destinations out of 1000 (max. 500000)
 37 words of extra memory for PDF output out of 10000 (max. 10000000)

